<?xml version="1.0" encoding="UTF-8"?>
<!-- Generated by org.testng.reporters.JUnitReportReporter -->
<testsuite skipped="0" hostname="DESKTOP-INS8MJ0" name="testSuite.Test1" tests="1" failures="0" timestamp="2021-07-13T08:18:42 IST" time="26.144" errors="0">
  <testcase name="runScenario" time="26.144" classname="testSuite.Test1"/>
  <system-out/>
</testsuite> <!-- testSuite.Test1 -->
